[2025-12-07T17:16:46.621+0000] {taskinstance.py:1956} INFO - Dependencies all met for dep_context=non-requeueable deps ti=<TaskInstance: dag_metals.load_daily_metals scheduled__2025-12-06T12:00:00+00:00 [queued]>
[2025-12-07T17:16:46.628+0000] {taskinstance.py:1956} INFO - Dependencies all met for dep_context=requeueable deps ti=<TaskInstance: dag_metals.load_daily_metals scheduled__2025-12-06T12:00:00+00:00 [queued]>
[2025-12-07T17:16:46.629+0000] {taskinstance.py:2170} INFO - Starting attempt 1 of 1
[2025-12-07T17:16:46.638+0000] {taskinstance.py:2191} INFO - Executing <Task(PythonOperator): load_daily_metals> on 2025-12-06 12:00:00+00:00
[2025-12-07T17:16:46.642+0000] {standard_task_runner.py:60} INFO - Started process 410 to run task
[2025-12-07T17:16:46.645+0000] {standard_task_runner.py:87} INFO - Running: ['***', 'tasks', 'run', 'dag_metals', 'load_daily_metals', 'scheduled__2025-12-06T12:00:00+00:00', '--job-id', '15', '--raw', '--subdir', 'DAGS_FOLDER/dag_metals.py', '--cfg-path', '/tmp/tmpaev4i3k8']
[2025-12-07T17:16:46.647+0000] {standard_task_runner.py:88} INFO - Job 15: Subtask load_daily_metals
[2025-12-07T17:16:46.714+0000] {task_command.py:423} INFO - Running <TaskInstance: dag_metals.load_daily_metals scheduled__2025-12-06T12:00:00+00:00 [running]> on host 993f81e1e02a
[2025-12-07T17:16:46.785+0000] {taskinstance.py:2480} INFO - Exporting env vars: AIRFLOW_CTX_DAG_OWNER='***' AIRFLOW_CTX_DAG_ID='dag_metals' AIRFLOW_CTX_TASK_ID='load_daily_metals' AIRFLOW_CTX_EXECUTION_DATE='2025-12-06T12:00:00+00:00' AIRFLOW_CTX_TRY_NUMBER='1' AIRFLOW_CTX_DAG_RUN_ID='scheduled__2025-12-06T12:00:00+00:00'
[2025-12-07T17:16:47.463+0000] {python.py:201} INFO - Done. Returned value was: None
[2025-12-07T17:16:47.472+0000] {taskinstance.py:1138} INFO - Marking task as SUCCESS. dag_id=dag_metals, task_id=load_daily_metals, execution_date=20251206T120000, start_date=20251207T171646, end_date=20251207T171647
[2025-12-07T17:16:47.500+0000] {local_task_job_runner.py:234} INFO - Task exited with return code 0
[2025-12-07T17:16:47.514+0000] {taskinstance.py:3280} INFO - 0 downstream tasks scheduled from follow-on schedule check
[2025-12-07T17:56:44.715+0000] {taskinstance.py:1956} INFO - Dependencies all met for dep_context=non-requeueable deps ti=<TaskInstance: dag_metals.load_daily_metals scheduled__2025-12-06T12:00:00+00:00 [queued]>
[2025-12-07T17:56:44.722+0000] {taskinstance.py:1956} INFO - Dependencies all met for dep_context=requeueable deps ti=<TaskInstance: dag_metals.load_daily_metals scheduled__2025-12-06T12:00:00+00:00 [queued]>
[2025-12-07T17:56:44.723+0000] {taskinstance.py:2170} INFO - Starting attempt 1 of 1
[2025-12-07T17:56:44.736+0000] {taskinstance.py:2191} INFO - Executing <Task(PythonOperator): load_daily_metals> on 2025-12-06 12:00:00+00:00
[2025-12-07T17:56:44.740+0000] {standard_task_runner.py:60} INFO - Started process 287 to run task
[2025-12-07T17:56:44.743+0000] {standard_task_runner.py:87} INFO - Running: ['***', 'tasks', 'run', 'dag_metals', 'load_daily_metals', 'scheduled__2025-12-06T12:00:00+00:00', '--job-id', '40', '--raw', '--subdir', 'DAGS_FOLDER/dag_metals.py', '--cfg-path', '/tmp/tmp1xqmbkb9']
[2025-12-07T17:56:44.745+0000] {standard_task_runner.py:88} INFO - Job 40: Subtask load_daily_metals
[2025-12-07T17:56:44.816+0000] {task_command.py:423} INFO - Running <TaskInstance: dag_metals.load_daily_metals scheduled__2025-12-06T12:00:00+00:00 [running]> on host 993f81e1e02a
[2025-12-07T17:56:44.890+0000] {taskinstance.py:2480} INFO - Exporting env vars: AIRFLOW_CTX_DAG_OWNER='***' AIRFLOW_CTX_DAG_ID='dag_metals' AIRFLOW_CTX_TASK_ID='load_daily_metals' AIRFLOW_CTX_EXECUTION_DATE='2025-12-06T12:00:00+00:00' AIRFLOW_CTX_TRY_NUMBER='1' AIRFLOW_CTX_DAG_RUN_ID='scheduled__2025-12-06T12:00:00+00:00'
[2025-12-07T17:56:45.646+0000] {python.py:201} INFO - Done. Returned value was: None
[2025-12-07T17:56:45.653+0000] {taskinstance.py:1138} INFO - Marking task as SUCCESS. dag_id=dag_metals, task_id=load_daily_metals, execution_date=20251206T120000, start_date=20251207T175644, end_date=20251207T175645
[2025-12-07T17:56:45.678+0000] {local_task_job_runner.py:234} INFO - Task exited with return code 0
[2025-12-07T17:56:45.691+0000] {taskinstance.py:3280} INFO - 0 downstream tasks scheduled from follow-on schedule check
