[2025-12-07T17:15:41.716+0000] {processor.py:161} INFO - Started process (PID=350) to work on /opt/airflow/dags/dag_brent.py
[2025-12-07T17:15:41.717+0000] {processor.py:830} INFO - Processing file /opt/airflow/dags/dag_brent.py for tasks to queue
[2025-12-07T17:15:41.718+0000] {logging_mixin.py:188} INFO - [2025-12-07T17:15:41.718+0000] {dagbag.py:538} INFO - Filling up the DagBag from /opt/airflow/dags/dag_brent.py
[2025-12-07T17:15:41.848+0000] {processor.py:840} INFO - DAG(s) 'dag_brent' retrieved from /opt/airflow/dags/dag_brent.py
[2025-12-07T17:15:41.961+0000] {logging_mixin.py:188} INFO - [2025-12-07T17:15:41.961+0000] {override.py:1769} INFO - Created Permission View: can delete on DAG:dag_brent
[2025-12-07T17:15:41.970+0000] {logging_mixin.py:188} INFO - [2025-12-07T17:15:41.969+0000] {override.py:1769} INFO - Created Permission View: can read on DAG:dag_brent
[2025-12-07T17:15:41.975+0000] {logging_mixin.py:188} INFO - [2025-12-07T17:15:41.975+0000] {override.py:1769} INFO - Created Permission View: can edit on DAG:dag_brent
[2025-12-07T17:15:41.976+0000] {logging_mixin.py:188} INFO - [2025-12-07T17:15:41.976+0000] {dag.py:3036} INFO - Sync 1 DAGs
[2025-12-07T17:15:41.984+0000] {logging_mixin.py:188} INFO - [2025-12-07T17:15:41.984+0000] {dag.py:3058} INFO - Creating ORM DAG for dag_brent
[2025-12-07T17:15:41.994+0000] {logging_mixin.py:188} INFO - [2025-12-07T17:15:41.994+0000] {dag.py:3823} INFO - Setting next_dagrun for dag_brent to 2025-12-06 10:00:00+00:00, run_after=2025-12-07 10:00:00+00:00
[2025-12-07T17:15:42.012+0000] {processor.py:183} INFO - Processing /opt/airflow/dags/dag_brent.py took 0.298 seconds
[2025-12-07T17:16:12.335+0000] {processor.py:161} INFO - Started process (PID=370) to work on /opt/airflow/dags/dag_brent.py
[2025-12-07T17:16:12.336+0000] {processor.py:830} INFO - Processing file /opt/airflow/dags/dag_brent.py for tasks to queue
[2025-12-07T17:16:12.337+0000] {logging_mixin.py:188} INFO - [2025-12-07T17:16:12.337+0000] {dagbag.py:538} INFO - Filling up the DagBag from /opt/airflow/dags/dag_brent.py
[2025-12-07T17:16:12.439+0000] {processor.py:840} INFO - DAG(s) 'dag_brent' retrieved from /opt/airflow/dags/dag_brent.py
[2025-12-07T17:16:12.461+0000] {logging_mixin.py:188} INFO - [2025-12-07T17:16:12.461+0000] {dag.py:3036} INFO - Sync 1 DAGs
[2025-12-07T17:16:12.479+0000] {logging_mixin.py:188} INFO - [2025-12-07T17:16:12.478+0000] {dag.py:3823} INFO - Setting next_dagrun for dag_brent to 2025-12-06 10:00:00+00:00, run_after=2025-12-07 10:00:00+00:00
[2025-12-07T17:16:12.495+0000] {processor.py:183} INFO - Processing /opt/airflow/dags/dag_brent.py took 0.162 seconds
[2025-12-07T17:16:42.814+0000] {processor.py:161} INFO - Started process (PID=390) to work on /opt/airflow/dags/dag_brent.py
[2025-12-07T17:16:42.815+0000] {processor.py:830} INFO - Processing file /opt/airflow/dags/dag_brent.py for tasks to queue
[2025-12-07T17:16:42.816+0000] {logging_mixin.py:188} INFO - [2025-12-07T17:16:42.816+0000] {dagbag.py:538} INFO - Filling up the DagBag from /opt/airflow/dags/dag_brent.py
[2025-12-07T17:16:42.913+0000] {processor.py:840} INFO - DAG(s) 'dag_brent' retrieved from /opt/airflow/dags/dag_brent.py
[2025-12-07T17:16:42.939+0000] {logging_mixin.py:188} INFO - [2025-12-07T17:16:42.938+0000] {dag.py:3036} INFO - Sync 1 DAGs
[2025-12-07T17:16:42.954+0000] {logging_mixin.py:188} INFO - [2025-12-07T17:16:42.953+0000] {dag.py:3823} INFO - Setting next_dagrun for dag_brent to 2025-12-06 10:00:00+00:00, run_after=2025-12-07 10:00:00+00:00
[2025-12-07T17:16:42.977+0000] {processor.py:183} INFO - Processing /opt/airflow/dags/dag_brent.py took 0.165 seconds
[2025-12-07T17:17:13.467+0000] {processor.py:161} INFO - Started process (PID=432) to work on /opt/airflow/dags/dag_brent.py
[2025-12-07T17:17:13.468+0000] {processor.py:830} INFO - Processing file /opt/airflow/dags/dag_brent.py for tasks to queue
[2025-12-07T17:17:13.469+0000] {logging_mixin.py:188} INFO - [2025-12-07T17:17:13.468+0000] {dagbag.py:538} INFO - Filling up the DagBag from /opt/airflow/dags/dag_brent.py
[2025-12-07T17:17:13.575+0000] {processor.py:840} INFO - DAG(s) 'dag_brent' retrieved from /opt/airflow/dags/dag_brent.py
[2025-12-07T17:17:13.604+0000] {logging_mixin.py:188} INFO - [2025-12-07T17:17:13.604+0000] {dag.py:3036} INFO - Sync 1 DAGs
[2025-12-07T17:17:13.624+0000] {logging_mixin.py:188} INFO - [2025-12-07T17:17:13.624+0000] {dag.py:3823} INFO - Setting next_dagrun for dag_brent to 2025-12-07 10:00:00+00:00, run_after=2025-12-08 10:00:00+00:00
[2025-12-07T17:17:13.657+0000] {processor.py:183} INFO - Processing /opt/airflow/dags/dag_brent.py took 0.192 seconds
[2025-12-07T17:17:43.997+0000] {processor.py:161} INFO - Started process (PID=452) to work on /opt/airflow/dags/dag_brent.py
[2025-12-07T17:17:43.998+0000] {processor.py:830} INFO - Processing file /opt/airflow/dags/dag_brent.py for tasks to queue
[2025-12-07T17:17:43.999+0000] {logging_mixin.py:188} INFO - [2025-12-07T17:17:43.999+0000] {dagbag.py:538} INFO - Filling up the DagBag from /opt/airflow/dags/dag_brent.py
[2025-12-07T17:17:44.104+0000] {processor.py:840} INFO - DAG(s) 'dag_brent' retrieved from /opt/airflow/dags/dag_brent.py
[2025-12-07T17:17:44.127+0000] {logging_mixin.py:188} INFO - [2025-12-07T17:17:44.127+0000] {dag.py:3036} INFO - Sync 1 DAGs
[2025-12-07T17:17:44.147+0000] {logging_mixin.py:188} INFO - [2025-12-07T17:17:44.147+0000] {dag.py:3823} INFO - Setting next_dagrun for dag_brent to 2025-12-07 10:00:00+00:00, run_after=2025-12-08 10:00:00+00:00
[2025-12-07T17:17:44.168+0000] {processor.py:183} INFO - Processing /opt/airflow/dags/dag_brent.py took 0.173 seconds
[2025-12-07T17:18:14.471+0000] {processor.py:161} INFO - Started process (PID=472) to work on /opt/airflow/dags/dag_brent.py
[2025-12-07T17:18:14.473+0000] {processor.py:830} INFO - Processing file /opt/airflow/dags/dag_brent.py for tasks to queue
[2025-12-07T17:18:14.474+0000] {logging_mixin.py:188} INFO - [2025-12-07T17:18:14.474+0000] {dagbag.py:538} INFO - Filling up the DagBag from /opt/airflow/dags/dag_brent.py
[2025-12-07T17:18:14.570+0000] {processor.py:840} INFO - DAG(s) 'dag_brent' retrieved from /opt/airflow/dags/dag_brent.py
[2025-12-07T17:18:14.593+0000] {logging_mixin.py:188} INFO - [2025-12-07T17:18:14.593+0000] {dag.py:3036} INFO - Sync 1 DAGs
[2025-12-07T17:18:14.613+0000] {logging_mixin.py:188} INFO - [2025-12-07T17:18:14.613+0000] {dag.py:3823} INFO - Setting next_dagrun for dag_brent to 2025-12-07 10:00:00+00:00, run_after=2025-12-08 10:00:00+00:00
[2025-12-07T17:18:14.635+0000] {processor.py:183} INFO - Processing /opt/airflow/dags/dag_brent.py took 0.168 seconds
[2025-12-07T17:18:44.970+0000] {processor.py:161} INFO - Started process (PID=492) to work on /opt/airflow/dags/dag_brent.py
[2025-12-07T17:18:44.972+0000] {processor.py:830} INFO - Processing file /opt/airflow/dags/dag_brent.py for tasks to queue
[2025-12-07T17:18:44.972+0000] {logging_mixin.py:188} INFO - [2025-12-07T17:18:44.972+0000] {dagbag.py:538} INFO - Filling up the DagBag from /opt/airflow/dags/dag_brent.py
[2025-12-07T17:18:45.071+0000] {processor.py:840} INFO - DAG(s) 'dag_brent' retrieved from /opt/airflow/dags/dag_brent.py
[2025-12-07T17:18:45.092+0000] {logging_mixin.py:188} INFO - [2025-12-07T17:18:45.091+0000] {dag.py:3036} INFO - Sync 1 DAGs
[2025-12-07T17:18:45.107+0000] {logging_mixin.py:188} INFO - [2025-12-07T17:18:45.107+0000] {dag.py:3823} INFO - Setting next_dagrun for dag_brent to 2025-12-07 10:00:00+00:00, run_after=2025-12-08 10:00:00+00:00
[2025-12-07T17:18:45.128+0000] {processor.py:183} INFO - Processing /opt/airflow/dags/dag_brent.py took 0.160 seconds
[2025-12-07T17:19:15.652+0000] {processor.py:161} INFO - Started process (PID=512) to work on /opt/airflow/dags/dag_brent.py
[2025-12-07T17:19:15.653+0000] {processor.py:830} INFO - Processing file /opt/airflow/dags/dag_brent.py for tasks to queue
[2025-12-07T17:19:15.654+0000] {logging_mixin.py:188} INFO - [2025-12-07T17:19:15.654+0000] {dagbag.py:538} INFO - Filling up the DagBag from /opt/airflow/dags/dag_brent.py
[2025-12-07T17:19:15.747+0000] {processor.py:840} INFO - DAG(s) 'dag_brent' retrieved from /opt/airflow/dags/dag_brent.py
[2025-12-07T17:19:15.767+0000] {logging_mixin.py:188} INFO - [2025-12-07T17:19:15.767+0000] {dag.py:3036} INFO - Sync 1 DAGs
[2025-12-07T17:19:15.783+0000] {logging_mixin.py:188} INFO - [2025-12-07T17:19:15.783+0000] {dag.py:3823} INFO - Setting next_dagrun for dag_brent to 2025-12-07 10:00:00+00:00, run_after=2025-12-08 10:00:00+00:00
[2025-12-07T17:19:15.804+0000] {processor.py:183} INFO - Processing /opt/airflow/dags/dag_brent.py took 0.155 seconds
[2025-12-07T17:19:46.268+0000] {processor.py:161} INFO - Started process (PID=532) to work on /opt/airflow/dags/dag_brent.py
[2025-12-07T17:19:46.269+0000] {processor.py:830} INFO - Processing file /opt/airflow/dags/dag_brent.py for tasks to queue
[2025-12-07T17:19:46.270+0000] {logging_mixin.py:188} INFO - [2025-12-07T17:19:46.270+0000] {dagbag.py:538} INFO - Filling up the DagBag from /opt/airflow/dags/dag_brent.py
[2025-12-07T17:19:46.351+0000] {processor.py:840} INFO - DAG(s) 'dag_brent' retrieved from /opt/airflow/dags/dag_brent.py
[2025-12-07T17:19:46.371+0000] {logging_mixin.py:188} INFO - [2025-12-07T17:19:46.371+0000] {dag.py:3036} INFO - Sync 1 DAGs
[2025-12-07T17:19:46.387+0000] {logging_mixin.py:188} INFO - [2025-12-07T17:19:46.386+0000] {dag.py:3823} INFO - Setting next_dagrun for dag_brent to 2025-12-07 10:00:00+00:00, run_after=2025-12-08 10:00:00+00:00
[2025-12-07T17:19:46.405+0000] {processor.py:183} INFO - Processing /opt/airflow/dags/dag_brent.py took 0.139 seconds
[2025-12-07T17:20:16.932+0000] {processor.py:161} INFO - Started process (PID=552) to work on /opt/airflow/dags/dag_brent.py
[2025-12-07T17:20:16.932+0000] {processor.py:830} INFO - Processing file /opt/airflow/dags/dag_brent.py for tasks to queue
[2025-12-07T17:20:16.933+0000] {logging_mixin.py:188} INFO - [2025-12-07T17:20:16.933+0000] {dagbag.py:538} INFO - Filling up the DagBag from /opt/airflow/dags/dag_brent.py
[2025-12-07T17:20:17.016+0000] {processor.py:840} INFO - DAG(s) 'dag_brent' retrieved from /opt/airflow/dags/dag_brent.py
[2025-12-07T17:20:17.036+0000] {logging_mixin.py:188} INFO - [2025-12-07T17:20:17.036+0000] {dag.py:3036} INFO - Sync 1 DAGs
[2025-12-07T17:20:17.052+0000] {logging_mixin.py:188} INFO - [2025-12-07T17:20:17.052+0000] {dag.py:3823} INFO - Setting next_dagrun for dag_brent to 2025-12-07 10:00:00+00:00, run_after=2025-12-08 10:00:00+00:00
[2025-12-07T17:20:17.068+0000] {processor.py:183} INFO - Processing /opt/airflow/dags/dag_brent.py took 0.140 seconds
[2025-12-07T17:20:47.579+0000] {processor.py:161} INFO - Started process (PID=572) to work on /opt/airflow/dags/dag_brent.py
[2025-12-07T17:20:47.580+0000] {processor.py:830} INFO - Processing file /opt/airflow/dags/dag_brent.py for tasks to queue
[2025-12-07T17:20:47.581+0000] {logging_mixin.py:188} INFO - [2025-12-07T17:20:47.580+0000] {dagbag.py:538} INFO - Filling up the DagBag from /opt/airflow/dags/dag_brent.py
[2025-12-07T17:20:47.661+0000] {processor.py:840} INFO - DAG(s) 'dag_brent' retrieved from /opt/airflow/dags/dag_brent.py
[2025-12-07T17:20:47.683+0000] {logging_mixin.py:188} INFO - [2025-12-07T17:20:47.683+0000] {dag.py:3036} INFO - Sync 1 DAGs
[2025-12-07T17:20:47.700+0000] {logging_mixin.py:188} INFO - [2025-12-07T17:20:47.700+0000] {dag.py:3823} INFO - Setting next_dagrun for dag_brent to 2025-12-07 10:00:00+00:00, run_after=2025-12-08 10:00:00+00:00
[2025-12-07T17:20:47.718+0000] {processor.py:183} INFO - Processing /opt/airflow/dags/dag_brent.py took 0.142 seconds
[2025-12-07T17:21:18.218+0000] {processor.py:161} INFO - Started process (PID=592) to work on /opt/airflow/dags/dag_brent.py
[2025-12-07T17:21:18.219+0000] {processor.py:830} INFO - Processing file /opt/airflow/dags/dag_brent.py for tasks to queue
[2025-12-07T17:21:18.220+0000] {logging_mixin.py:188} INFO - [2025-12-07T17:21:18.219+0000] {dagbag.py:538} INFO - Filling up the DagBag from /opt/airflow/dags/dag_brent.py
[2025-12-07T17:21:18.306+0000] {processor.py:840} INFO - DAG(s) 'dag_brent' retrieved from /opt/airflow/dags/dag_brent.py
[2025-12-07T17:21:18.325+0000] {logging_mixin.py:188} INFO - [2025-12-07T17:21:18.325+0000] {dag.py:3036} INFO - Sync 1 DAGs
[2025-12-07T17:21:18.341+0000] {logging_mixin.py:188} INFO - [2025-12-07T17:21:18.341+0000] {dag.py:3823} INFO - Setting next_dagrun for dag_brent to 2025-12-07 10:00:00+00:00, run_after=2025-12-08 10:00:00+00:00
[2025-12-07T17:21:18.360+0000] {processor.py:183} INFO - Processing /opt/airflow/dags/dag_brent.py took 0.145 seconds
[2025-12-07T17:21:48.838+0000] {processor.py:161} INFO - Started process (PID=612) to work on /opt/airflow/dags/dag_brent.py
[2025-12-07T17:21:48.839+0000] {processor.py:830} INFO - Processing file /opt/airflow/dags/dag_brent.py for tasks to queue
[2025-12-07T17:21:48.840+0000] {logging_mixin.py:188} INFO - [2025-12-07T17:21:48.840+0000] {dagbag.py:538} INFO - Filling up the DagBag from /opt/airflow/dags/dag_brent.py
[2025-12-07T17:21:48.939+0000] {processor.py:840} INFO - DAG(s) 'dag_brent' retrieved from /opt/airflow/dags/dag_brent.py
[2025-12-07T17:21:48.963+0000] {logging_mixin.py:188} INFO - [2025-12-07T17:21:48.963+0000] {dag.py:3036} INFO - Sync 1 DAGs
[2025-12-07T17:21:48.983+0000] {logging_mixin.py:188} INFO - [2025-12-07T17:21:48.983+0000] {dag.py:3823} INFO - Setting next_dagrun for dag_brent to 2025-12-07 10:00:00+00:00, run_after=2025-12-08 10:00:00+00:00
[2025-12-07T17:21:49.006+0000] {processor.py:183} INFO - Processing /opt/airflow/dags/dag_brent.py took 0.171 seconds
[2025-12-07T17:22:19.522+0000] {processor.py:161} INFO - Started process (PID=632) to work on /opt/airflow/dags/dag_brent.py
[2025-12-07T17:22:19.523+0000] {processor.py:830} INFO - Processing file /opt/airflow/dags/dag_brent.py for tasks to queue
[2025-12-07T17:22:19.524+0000] {logging_mixin.py:188} INFO - [2025-12-07T17:22:19.523+0000] {dagbag.py:538} INFO - Filling up the DagBag from /opt/airflow/dags/dag_brent.py
[2025-12-07T17:22:19.606+0000] {processor.py:840} INFO - DAG(s) 'dag_brent' retrieved from /opt/airflow/dags/dag_brent.py
[2025-12-07T17:22:19.626+0000] {logging_mixin.py:188} INFO - [2025-12-07T17:22:19.626+0000] {dag.py:3036} INFO - Sync 1 DAGs
[2025-12-07T17:22:19.642+0000] {logging_mixin.py:188} INFO - [2025-12-07T17:22:19.642+0000] {dag.py:3823} INFO - Setting next_dagrun for dag_brent to 2025-12-07 10:00:00+00:00, run_after=2025-12-08 10:00:00+00:00
[2025-12-07T17:22:19.665+0000] {processor.py:183} INFO - Processing /opt/airflow/dags/dag_brent.py took 0.146 seconds
[2025-12-07T17:22:50.148+0000] {processor.py:161} INFO - Started process (PID=652) to work on /opt/airflow/dags/dag_brent.py
[2025-12-07T17:22:50.149+0000] {processor.py:830} INFO - Processing file /opt/airflow/dags/dag_brent.py for tasks to queue
[2025-12-07T17:22:50.150+0000] {logging_mixin.py:188} INFO - [2025-12-07T17:22:50.150+0000] {dagbag.py:538} INFO - Filling up the DagBag from /opt/airflow/dags/dag_brent.py
[2025-12-07T17:22:50.242+0000] {processor.py:840} INFO - DAG(s) 'dag_brent' retrieved from /opt/airflow/dags/dag_brent.py
[2025-12-07T17:22:50.263+0000] {logging_mixin.py:188} INFO - [2025-12-07T17:22:50.263+0000] {dag.py:3036} INFO - Sync 1 DAGs
[2025-12-07T17:22:50.280+0000] {logging_mixin.py:188} INFO - [2025-12-07T17:22:50.279+0000] {dag.py:3823} INFO - Setting next_dagrun for dag_brent to 2025-12-07 10:00:00+00:00, run_after=2025-12-08 10:00:00+00:00
[2025-12-07T17:22:50.307+0000] {processor.py:183} INFO - Processing /opt/airflow/dags/dag_brent.py took 0.162 seconds
[2025-12-07T17:23:20.661+0000] {processor.py:161} INFO - Started process (PID=672) to work on /opt/airflow/dags/dag_brent.py
[2025-12-07T17:23:20.662+0000] {processor.py:830} INFO - Processing file /opt/airflow/dags/dag_brent.py for tasks to queue
[2025-12-07T17:23:20.663+0000] {logging_mixin.py:188} INFO - [2025-12-07T17:23:20.663+0000] {dagbag.py:538} INFO - Filling up the DagBag from /opt/airflow/dags/dag_brent.py
[2025-12-07T17:23:20.743+0000] {processor.py:840} INFO - DAG(s) 'dag_brent' retrieved from /opt/airflow/dags/dag_brent.py
[2025-12-07T17:23:20.763+0000] {logging_mixin.py:188} INFO - [2025-12-07T17:23:20.763+0000] {dag.py:3036} INFO - Sync 1 DAGs
[2025-12-07T17:23:20.779+0000] {logging_mixin.py:188} INFO - [2025-12-07T17:23:20.779+0000] {dag.py:3823} INFO - Setting next_dagrun for dag_brent to 2025-12-07 10:00:00+00:00, run_after=2025-12-08 10:00:00+00:00
[2025-12-07T17:23:20.800+0000] {processor.py:183} INFO - Processing /opt/airflow/dags/dag_brent.py took 0.142 seconds
[2025-12-07T17:23:51.088+0000] {processor.py:161} INFO - Started process (PID=692) to work on /opt/airflow/dags/dag_brent.py
[2025-12-07T17:23:51.089+0000] {processor.py:830} INFO - Processing file /opt/airflow/dags/dag_brent.py for tasks to queue
[2025-12-07T17:23:51.090+0000] {logging_mixin.py:188} INFO - [2025-12-07T17:23:51.089+0000] {dagbag.py:538} INFO - Filling up the DagBag from /opt/airflow/dags/dag_brent.py
[2025-12-07T17:23:51.205+0000] {processor.py:840} INFO - DAG(s) 'dag_brent' retrieved from /opt/airflow/dags/dag_brent.py
[2025-12-07T17:23:51.227+0000] {logging_mixin.py:188} INFO - [2025-12-07T17:23:51.227+0000] {dag.py:3036} INFO - Sync 1 DAGs
[2025-12-07T17:23:51.245+0000] {logging_mixin.py:188} INFO - [2025-12-07T17:23:51.245+0000] {dag.py:3823} INFO - Setting next_dagrun for dag_brent to 2025-12-07 10:00:00+00:00, run_after=2025-12-08 10:00:00+00:00
[2025-12-07T17:23:51.266+0000] {processor.py:183} INFO - Processing /opt/airflow/dags/dag_brent.py took 0.181 seconds
[2025-12-07T17:24:21.810+0000] {processor.py:161} INFO - Started process (PID=712) to work on /opt/airflow/dags/dag_brent.py
[2025-12-07T17:24:21.811+0000] {processor.py:830} INFO - Processing file /opt/airflow/dags/dag_brent.py for tasks to queue
[2025-12-07T17:24:21.812+0000] {logging_mixin.py:188} INFO - [2025-12-07T17:24:21.812+0000] {dagbag.py:538} INFO - Filling up the DagBag from /opt/airflow/dags/dag_brent.py
[2025-12-07T17:24:21.891+0000] {processor.py:840} INFO - DAG(s) 'dag_brent' retrieved from /opt/airflow/dags/dag_brent.py
[2025-12-07T17:24:21.912+0000] {logging_mixin.py:188} INFO - [2025-12-07T17:24:21.912+0000] {dag.py:3036} INFO - Sync 1 DAGs
[2025-12-07T17:24:21.930+0000] {logging_mixin.py:188} INFO - [2025-12-07T17:24:21.930+0000] {dag.py:3823} INFO - Setting next_dagrun for dag_brent to 2025-12-07 10:00:00+00:00, run_after=2025-12-08 10:00:00+00:00
[2025-12-07T17:24:21.952+0000] {processor.py:183} INFO - Processing /opt/airflow/dags/dag_brent.py took 0.144 seconds
[2025-12-07T17:24:52.441+0000] {processor.py:161} INFO - Started process (PID=732) to work on /opt/airflow/dags/dag_brent.py
[2025-12-07T17:24:52.442+0000] {processor.py:830} INFO - Processing file /opt/airflow/dags/dag_brent.py for tasks to queue
[2025-12-07T17:24:52.443+0000] {logging_mixin.py:188} INFO - [2025-12-07T17:24:52.442+0000] {dagbag.py:538} INFO - Filling up the DagBag from /opt/airflow/dags/dag_brent.py
[2025-12-07T17:24:52.527+0000] {processor.py:840} INFO - DAG(s) 'dag_brent' retrieved from /opt/airflow/dags/dag_brent.py
[2025-12-07T17:24:52.548+0000] {logging_mixin.py:188} INFO - [2025-12-07T17:24:52.548+0000] {dag.py:3036} INFO - Sync 1 DAGs
[2025-12-07T17:24:52.564+0000] {logging_mixin.py:188} INFO - [2025-12-07T17:24:52.563+0000] {dag.py:3823} INFO - Setting next_dagrun for dag_brent to 2025-12-07 10:00:00+00:00, run_after=2025-12-08 10:00:00+00:00
[2025-12-07T17:24:52.581+0000] {processor.py:183} INFO - Processing /opt/airflow/dags/dag_brent.py took 0.143 seconds
[2025-12-07T17:25:22.924+0000] {processor.py:161} INFO - Started process (PID=752) to work on /opt/airflow/dags/dag_brent.py
[2025-12-07T17:25:22.925+0000] {processor.py:830} INFO - Processing file /opt/airflow/dags/dag_brent.py for tasks to queue
[2025-12-07T17:25:22.926+0000] {logging_mixin.py:188} INFO - [2025-12-07T17:25:22.926+0000] {dagbag.py:538} INFO - Filling up the DagBag from /opt/airflow/dags/dag_brent.py
[2025-12-07T17:25:23.034+0000] {processor.py:840} INFO - DAG(s) 'dag_brent' retrieved from /opt/airflow/dags/dag_brent.py
[2025-12-07T17:25:23.058+0000] {logging_mixin.py:188} INFO - [2025-12-07T17:25:23.058+0000] {dag.py:3036} INFO - Sync 1 DAGs
[2025-12-07T17:25:23.076+0000] {logging_mixin.py:188} INFO - [2025-12-07T17:25:23.076+0000] {dag.py:3823} INFO - Setting next_dagrun for dag_brent to 2025-12-07 10:00:00+00:00, run_after=2025-12-08 10:00:00+00:00
[2025-12-07T17:25:23.094+0000] {processor.py:183} INFO - Processing /opt/airflow/dags/dag_brent.py took 0.172 seconds
[2025-12-07T17:25:53.489+0000] {processor.py:161} INFO - Started process (PID=772) to work on /opt/airflow/dags/dag_brent.py
[2025-12-07T17:25:53.490+0000] {processor.py:830} INFO - Processing file /opt/airflow/dags/dag_brent.py for tasks to queue
[2025-12-07T17:25:53.491+0000] {logging_mixin.py:188} INFO - [2025-12-07T17:25:53.491+0000] {dagbag.py:538} INFO - Filling up the DagBag from /opt/airflow/dags/dag_brent.py
[2025-12-07T17:25:53.578+0000] {processor.py:840} INFO - DAG(s) 'dag_brent' retrieved from /opt/airflow/dags/dag_brent.py
[2025-12-07T17:25:53.598+0000] {logging_mixin.py:188} INFO - [2025-12-07T17:25:53.598+0000] {dag.py:3036} INFO - Sync 1 DAGs
[2025-12-07T17:25:53.614+0000] {logging_mixin.py:188} INFO - [2025-12-07T17:25:53.614+0000] {dag.py:3823} INFO - Setting next_dagrun for dag_brent to 2025-12-07 10:00:00+00:00, run_after=2025-12-08 10:00:00+00:00
[2025-12-07T17:25:53.638+0000] {processor.py:183} INFO - Processing /opt/airflow/dags/dag_brent.py took 0.151 seconds
[2025-12-07T17:26:23.954+0000] {processor.py:161} INFO - Started process (PID=792) to work on /opt/airflow/dags/dag_brent.py
[2025-12-07T17:26:23.955+0000] {processor.py:830} INFO - Processing file /opt/airflow/dags/dag_brent.py for tasks to queue
[2025-12-07T17:26:23.956+0000] {logging_mixin.py:188} INFO - [2025-12-07T17:26:23.956+0000] {dagbag.py:538} INFO - Filling up the DagBag from /opt/airflow/dags/dag_brent.py
[2025-12-07T17:26:24.053+0000] {processor.py:840} INFO - DAG(s) 'dag_brent' retrieved from /opt/airflow/dags/dag_brent.py
[2025-12-07T17:26:24.074+0000] {logging_mixin.py:188} INFO - [2025-12-07T17:26:24.073+0000] {dag.py:3036} INFO - Sync 1 DAGs
[2025-12-07T17:26:24.093+0000] {logging_mixin.py:188} INFO - [2025-12-07T17:26:24.093+0000] {dag.py:3823} INFO - Setting next_dagrun for dag_brent to 2025-12-07 10:00:00+00:00, run_after=2025-12-08 10:00:00+00:00
[2025-12-07T17:26:24.114+0000] {processor.py:183} INFO - Processing /opt/airflow/dags/dag_brent.py took 0.163 seconds
[2025-12-07T17:26:54.568+0000] {processor.py:161} INFO - Started process (PID=812) to work on /opt/airflow/dags/dag_brent.py
[2025-12-07T17:26:54.569+0000] {processor.py:830} INFO - Processing file /opt/airflow/dags/dag_brent.py for tasks to queue
[2025-12-07T17:26:54.570+0000] {logging_mixin.py:188} INFO - [2025-12-07T17:26:54.570+0000] {dagbag.py:538} INFO - Filling up the DagBag from /opt/airflow/dags/dag_brent.py
[2025-12-07T17:26:54.669+0000] {processor.py:840} INFO - DAG(s) 'dag_brent' retrieved from /opt/airflow/dags/dag_brent.py
[2025-12-07T17:26:54.694+0000] {logging_mixin.py:188} INFO - [2025-12-07T17:26:54.694+0000] {dag.py:3036} INFO - Sync 1 DAGs
[2025-12-07T17:26:54.713+0000] {logging_mixin.py:188} INFO - [2025-12-07T17:26:54.713+0000] {dag.py:3823} INFO - Setting next_dagrun for dag_brent to 2025-12-07 10:00:00+00:00, run_after=2025-12-08 10:00:00+00:00
[2025-12-07T17:26:54.735+0000] {processor.py:183} INFO - Processing /opt/airflow/dags/dag_brent.py took 0.169 seconds
[2025-12-07T17:27:25.254+0000] {processor.py:161} INFO - Started process (PID=832) to work on /opt/airflow/dags/dag_brent.py
[2025-12-07T17:27:25.255+0000] {processor.py:830} INFO - Processing file /opt/airflow/dags/dag_brent.py for tasks to queue
[2025-12-07T17:27:25.257+0000] {logging_mixin.py:188} INFO - [2025-12-07T17:27:25.256+0000] {dagbag.py:538} INFO - Filling up the DagBag from /opt/airflow/dags/dag_brent.py
[2025-12-07T17:27:25.397+0000] {processor.py:840} INFO - DAG(s) 'dag_brent' retrieved from /opt/airflow/dags/dag_brent.py
[2025-12-07T17:27:25.423+0000] {logging_mixin.py:188} INFO - [2025-12-07T17:27:25.423+0000] {dag.py:3036} INFO - Sync 1 DAGs
[2025-12-07T17:27:25.441+0000] {logging_mixin.py:188} INFO - [2025-12-07T17:27:25.441+0000] {dag.py:3823} INFO - Setting next_dagrun for dag_brent to 2025-12-07 10:00:00+00:00, run_after=2025-12-08 10:00:00+00:00
[2025-12-07T17:27:25.461+0000] {processor.py:183} INFO - Processing /opt/airflow/dags/dag_brent.py took 0.210 seconds
[2025-12-07T17:27:55.997+0000] {processor.py:161} INFO - Started process (PID=852) to work on /opt/airflow/dags/dag_brent.py
[2025-12-07T17:27:55.999+0000] {processor.py:830} INFO - Processing file /opt/airflow/dags/dag_brent.py for tasks to queue
[2025-12-07T17:27:56.000+0000] {logging_mixin.py:188} INFO - [2025-12-07T17:27:55.999+0000] {dagbag.py:538} INFO - Filling up the DagBag from /opt/airflow/dags/dag_brent.py
[2025-12-07T17:27:56.087+0000] {processor.py:840} INFO - DAG(s) 'dag_brent' retrieved from /opt/airflow/dags/dag_brent.py
[2025-12-07T17:27:56.108+0000] {logging_mixin.py:188} INFO - [2025-12-07T17:27:56.108+0000] {dag.py:3036} INFO - Sync 1 DAGs
[2025-12-07T17:27:56.124+0000] {logging_mixin.py:188} INFO - [2025-12-07T17:27:56.123+0000] {dag.py:3823} INFO - Setting next_dagrun for dag_brent to 2025-12-07 10:00:00+00:00, run_after=2025-12-08 10:00:00+00:00
[2025-12-07T17:27:56.144+0000] {processor.py:183} INFO - Processing /opt/airflow/dags/dag_brent.py took 0.149 seconds
[2025-12-07T17:28:26.657+0000] {processor.py:161} INFO - Started process (PID=872) to work on /opt/airflow/dags/dag_brent.py
[2025-12-07T17:28:26.658+0000] {processor.py:830} INFO - Processing file /opt/airflow/dags/dag_brent.py for tasks to queue
[2025-12-07T17:28:26.659+0000] {logging_mixin.py:188} INFO - [2025-12-07T17:28:26.659+0000] {dagbag.py:538} INFO - Filling up the DagBag from /opt/airflow/dags/dag_brent.py
[2025-12-07T17:28:26.823+0000] {processor.py:840} INFO - DAG(s) 'dag_brent' retrieved from /opt/airflow/dags/dag_brent.py
[2025-12-07T17:28:26.850+0000] {logging_mixin.py:188} INFO - [2025-12-07T17:28:26.849+0000] {dag.py:3036} INFO - Sync 1 DAGs
[2025-12-07T17:28:26.869+0000] {logging_mixin.py:188} INFO - [2025-12-07T17:28:26.868+0000] {dag.py:3823} INFO - Setting next_dagrun for dag_brent to 2025-12-07 10:00:00+00:00, run_after=2025-12-08 10:00:00+00:00
[2025-12-07T17:28:26.886+0000] {processor.py:183} INFO - Processing /opt/airflow/dags/dag_brent.py took 0.233 seconds
[2025-12-07T17:28:57.221+0000] {processor.py:161} INFO - Started process (PID=892) to work on /opt/airflow/dags/dag_brent.py
[2025-12-07T17:28:57.222+0000] {processor.py:830} INFO - Processing file /opt/airflow/dags/dag_brent.py for tasks to queue
[2025-12-07T17:28:57.223+0000] {logging_mixin.py:188} INFO - [2025-12-07T17:28:57.222+0000] {dagbag.py:538} INFO - Filling up the DagBag from /opt/airflow/dags/dag_brent.py
[2025-12-07T17:28:57.311+0000] {processor.py:840} INFO - DAG(s) 'dag_brent' retrieved from /opt/airflow/dags/dag_brent.py
[2025-12-07T17:28:57.333+0000] {logging_mixin.py:188} INFO - [2025-12-07T17:28:57.333+0000] {dag.py:3036} INFO - Sync 1 DAGs
[2025-12-07T17:28:57.352+0000] {logging_mixin.py:188} INFO - [2025-12-07T17:28:57.352+0000] {dag.py:3823} INFO - Setting next_dagrun for dag_brent to 2025-12-07 10:00:00+00:00, run_after=2025-12-08 10:00:00+00:00
[2025-12-07T17:28:57.376+0000] {processor.py:183} INFO - Processing /opt/airflow/dags/dag_brent.py took 0.158 seconds
[2025-12-07T17:29:27.706+0000] {processor.py:161} INFO - Started process (PID=912) to work on /opt/airflow/dags/dag_brent.py
[2025-12-07T17:29:27.708+0000] {processor.py:830} INFO - Processing file /opt/airflow/dags/dag_brent.py for tasks to queue
[2025-12-07T17:29:27.708+0000] {logging_mixin.py:188} INFO - [2025-12-07T17:29:27.708+0000] {dagbag.py:538} INFO - Filling up the DagBag from /opt/airflow/dags/dag_brent.py
[2025-12-07T17:29:27.835+0000] {processor.py:840} INFO - DAG(s) 'dag_brent' retrieved from /opt/airflow/dags/dag_brent.py
[2025-12-07T17:29:27.863+0000] {logging_mixin.py:188} INFO - [2025-12-07T17:29:27.863+0000] {dag.py:3036} INFO - Sync 1 DAGs
[2025-12-07T17:29:27.881+0000] {logging_mixin.py:188} INFO - [2025-12-07T17:29:27.880+0000] {dag.py:3823} INFO - Setting next_dagrun for dag_brent to 2025-12-07 10:00:00+00:00, run_after=2025-12-08 10:00:00+00:00
[2025-12-07T17:29:27.901+0000] {processor.py:183} INFO - Processing /opt/airflow/dags/dag_brent.py took 0.197 seconds
[2025-12-07T17:29:58.191+0000] {processor.py:161} INFO - Started process (PID=932) to work on /opt/airflow/dags/dag_brent.py
[2025-12-07T17:29:58.192+0000] {processor.py:830} INFO - Processing file /opt/airflow/dags/dag_brent.py for tasks to queue
[2025-12-07T17:29:58.193+0000] {logging_mixin.py:188} INFO - [2025-12-07T17:29:58.192+0000] {dagbag.py:538} INFO - Filling up the DagBag from /opt/airflow/dags/dag_brent.py
[2025-12-07T17:29:58.285+0000] {processor.py:840} INFO - DAG(s) 'dag_brent' retrieved from /opt/airflow/dags/dag_brent.py
[2025-12-07T17:29:58.305+0000] {logging_mixin.py:188} INFO - [2025-12-07T17:29:58.305+0000] {dag.py:3036} INFO - Sync 1 DAGs
[2025-12-07T17:29:58.322+0000] {logging_mixin.py:188} INFO - [2025-12-07T17:29:58.322+0000] {dag.py:3823} INFO - Setting next_dagrun for dag_brent to 2025-12-07 10:00:00+00:00, run_after=2025-12-08 10:00:00+00:00
[2025-12-07T17:29:58.341+0000] {processor.py:183} INFO - Processing /opt/airflow/dags/dag_brent.py took 0.153 seconds
[2025-12-07T17:30:28.684+0000] {processor.py:161} INFO - Started process (PID=952) to work on /opt/airflow/dags/dag_brent.py
[2025-12-07T17:30:28.684+0000] {processor.py:830} INFO - Processing file /opt/airflow/dags/dag_brent.py for tasks to queue
[2025-12-07T17:30:28.685+0000] {logging_mixin.py:188} INFO - [2025-12-07T17:30:28.685+0000] {dagbag.py:538} INFO - Filling up the DagBag from /opt/airflow/dags/dag_brent.py
[2025-12-07T17:30:28.819+0000] {processor.py:840} INFO - DAG(s) 'dag_brent' retrieved from /opt/airflow/dags/dag_brent.py
[2025-12-07T17:30:28.846+0000] {logging_mixin.py:188} INFO - [2025-12-07T17:30:28.846+0000] {dag.py:3036} INFO - Sync 1 DAGs
[2025-12-07T17:30:28.861+0000] {logging_mixin.py:188} INFO - [2025-12-07T17:30:28.861+0000] {dag.py:3823} INFO - Setting next_dagrun for dag_brent to 2025-12-07 10:00:00+00:00, run_after=2025-12-08 10:00:00+00:00
[2025-12-07T17:30:28.881+0000] {processor.py:183} INFO - Processing /opt/airflow/dags/dag_brent.py took 0.200 seconds
[2025-12-07T17:30:59.285+0000] {processor.py:161} INFO - Started process (PID=972) to work on /opt/airflow/dags/dag_brent.py
[2025-12-07T17:30:59.286+0000] {processor.py:830} INFO - Processing file /opt/airflow/dags/dag_brent.py for tasks to queue
[2025-12-07T17:30:59.287+0000] {logging_mixin.py:188} INFO - [2025-12-07T17:30:59.287+0000] {dagbag.py:538} INFO - Filling up the DagBag from /opt/airflow/dags/dag_brent.py
[2025-12-07T17:30:59.382+0000] {processor.py:840} INFO - DAG(s) 'dag_brent' retrieved from /opt/airflow/dags/dag_brent.py
[2025-12-07T17:30:59.404+0000] {logging_mixin.py:188} INFO - [2025-12-07T17:30:59.404+0000] {dag.py:3036} INFO - Sync 1 DAGs
[2025-12-07T17:30:59.420+0000] {logging_mixin.py:188} INFO - [2025-12-07T17:30:59.419+0000] {dag.py:3823} INFO - Setting next_dagrun for dag_brent to 2025-12-07 10:00:00+00:00, run_after=2025-12-08 10:00:00+00:00
[2025-12-07T17:30:59.435+0000] {processor.py:183} INFO - Processing /opt/airflow/dags/dag_brent.py took 0.152 seconds
[2025-12-07T17:31:29.739+0000] {processor.py:161} INFO - Started process (PID=992) to work on /opt/airflow/dags/dag_brent.py
[2025-12-07T17:31:29.740+0000] {processor.py:830} INFO - Processing file /opt/airflow/dags/dag_brent.py for tasks to queue
[2025-12-07T17:31:29.740+0000] {logging_mixin.py:188} INFO - [2025-12-07T17:31:29.740+0000] {dagbag.py:538} INFO - Filling up the DagBag from /opt/airflow/dags/dag_brent.py
[2025-12-07T17:31:29.859+0000] {processor.py:840} INFO - DAG(s) 'dag_brent' retrieved from /opt/airflow/dags/dag_brent.py
[2025-12-07T17:31:29.884+0000] {logging_mixin.py:188} INFO - [2025-12-07T17:31:29.883+0000] {dag.py:3036} INFO - Sync 1 DAGs
[2025-12-07T17:31:29.899+0000] {logging_mixin.py:188} INFO - [2025-12-07T17:31:29.899+0000] {dag.py:3823} INFO - Setting next_dagrun for dag_brent to 2025-12-07 10:00:00+00:00, run_after=2025-12-08 10:00:00+00:00
[2025-12-07T17:31:29.915+0000] {processor.py:183} INFO - Processing /opt/airflow/dags/dag_brent.py took 0.178 seconds
[2025-12-07T17:32:00.527+0000] {processor.py:161} INFO - Started process (PID=1012) to work on /opt/airflow/dags/dag_brent.py
[2025-12-07T17:32:00.528+0000] {processor.py:830} INFO - Processing file /opt/airflow/dags/dag_brent.py for tasks to queue
[2025-12-07T17:32:00.529+0000] {logging_mixin.py:188} INFO - [2025-12-07T17:32:00.529+0000] {dagbag.py:538} INFO - Filling up the DagBag from /opt/airflow/dags/dag_brent.py
[2025-12-07T17:32:00.687+0000] {processor.py:840} INFO - DAG(s) 'dag_brent' retrieved from /opt/airflow/dags/dag_brent.py
[2025-12-07T17:32:00.709+0000] {logging_mixin.py:188} INFO - [2025-12-07T17:32:00.709+0000] {dag.py:3036} INFO - Sync 1 DAGs
[2025-12-07T17:32:00.727+0000] {logging_mixin.py:188} INFO - [2025-12-07T17:32:00.727+0000] {dag.py:3823} INFO - Setting next_dagrun for dag_brent to 2025-12-07 10:00:00+00:00, run_after=2025-12-08 10:00:00+00:00
[2025-12-07T17:32:00.753+0000] {processor.py:183} INFO - Processing /opt/airflow/dags/dag_brent.py took 0.228 seconds
[2025-12-07T17:32:31.069+0000] {processor.py:161} INFO - Started process (PID=1032) to work on /opt/airflow/dags/dag_brent.py
[2025-12-07T17:32:31.070+0000] {processor.py:830} INFO - Processing file /opt/airflow/dags/dag_brent.py for tasks to queue
[2025-12-07T17:32:31.071+0000] {logging_mixin.py:188} INFO - [2025-12-07T17:32:31.070+0000] {dagbag.py:538} INFO - Filling up the DagBag from /opt/airflow/dags/dag_brent.py
[2025-12-07T17:32:31.160+0000] {processor.py:840} INFO - DAG(s) 'dag_brent' retrieved from /opt/airflow/dags/dag_brent.py
[2025-12-07T17:32:31.183+0000] {logging_mixin.py:188} INFO - [2025-12-07T17:32:31.183+0000] {dag.py:3036} INFO - Sync 1 DAGs
[2025-12-07T17:32:31.200+0000] {logging_mixin.py:188} INFO - [2025-12-07T17:32:31.200+0000] {dag.py:3823} INFO - Setting next_dagrun for dag_brent to 2025-12-07 10:00:00+00:00, run_after=2025-12-08 10:00:00+00:00
[2025-12-07T17:32:31.223+0000] {processor.py:183} INFO - Processing /opt/airflow/dags/dag_brent.py took 0.156 seconds
[2025-12-07T17:33:01.687+0000] {processor.py:161} INFO - Started process (PID=1052) to work on /opt/airflow/dags/dag_brent.py
[2025-12-07T17:33:01.689+0000] {processor.py:830} INFO - Processing file /opt/airflow/dags/dag_brent.py for tasks to queue
[2025-12-07T17:33:01.690+0000] {logging_mixin.py:188} INFO - [2025-12-07T17:33:01.689+0000] {dagbag.py:538} INFO - Filling up the DagBag from /opt/airflow/dags/dag_brent.py
[2025-12-07T17:33:01.783+0000] {processor.py:840} INFO - DAG(s) 'dag_brent' retrieved from /opt/airflow/dags/dag_brent.py
[2025-12-07T17:33:01.805+0000] {logging_mixin.py:188} INFO - [2025-12-07T17:33:01.805+0000] {dag.py:3036} INFO - Sync 1 DAGs
[2025-12-07T17:33:01.820+0000] {logging_mixin.py:188} INFO - [2025-12-07T17:33:01.820+0000] {dag.py:3823} INFO - Setting next_dagrun for dag_brent to 2025-12-07 10:00:00+00:00, run_after=2025-12-08 10:00:00+00:00
[2025-12-07T17:33:01.836+0000] {processor.py:183} INFO - Processing /opt/airflow/dags/dag_brent.py took 0.151 seconds
[2025-12-07T17:33:32.337+0000] {processor.py:161} INFO - Started process (PID=1072) to work on /opt/airflow/dags/dag_brent.py
[2025-12-07T17:33:32.338+0000] {processor.py:830} INFO - Processing file /opt/airflow/dags/dag_brent.py for tasks to queue
[2025-12-07T17:33:32.339+0000] {logging_mixin.py:188} INFO - [2025-12-07T17:33:32.338+0000] {dagbag.py:538} INFO - Filling up the DagBag from /opt/airflow/dags/dag_brent.py
[2025-12-07T17:33:32.474+0000] {processor.py:840} INFO - DAG(s) 'dag_brent' retrieved from /opt/airflow/dags/dag_brent.py
[2025-12-07T17:33:32.504+0000] {logging_mixin.py:188} INFO - [2025-12-07T17:33:32.504+0000] {dag.py:3036} INFO - Sync 1 DAGs
[2025-12-07T17:33:32.520+0000] {logging_mixin.py:188} INFO - [2025-12-07T17:33:32.520+0000] {dag.py:3823} INFO - Setting next_dagrun for dag_brent to 2025-12-07 10:00:00+00:00, run_after=2025-12-08 10:00:00+00:00
[2025-12-07T17:33:32.541+0000] {processor.py:183} INFO - Processing /opt/airflow/dags/dag_brent.py took 0.207 seconds
[2025-12-07T17:34:03.036+0000] {processor.py:161} INFO - Started process (PID=1092) to work on /opt/airflow/dags/dag_brent.py
[2025-12-07T17:34:03.037+0000] {processor.py:830} INFO - Processing file /opt/airflow/dags/dag_brent.py for tasks to queue
[2025-12-07T17:34:03.037+0000] {logging_mixin.py:188} INFO - [2025-12-07T17:34:03.037+0000] {dagbag.py:538} INFO - Filling up the DagBag from /opt/airflow/dags/dag_brent.py
[2025-12-07T17:34:03.123+0000] {processor.py:840} INFO - DAG(s) 'dag_brent' retrieved from /opt/airflow/dags/dag_brent.py
[2025-12-07T17:34:03.143+0000] {logging_mixin.py:188} INFO - [2025-12-07T17:34:03.143+0000] {dag.py:3036} INFO - Sync 1 DAGs
[2025-12-07T17:34:03.158+0000] {logging_mixin.py:188} INFO - [2025-12-07T17:34:03.158+0000] {dag.py:3823} INFO - Setting next_dagrun for dag_brent to 2025-12-07 10:00:00+00:00, run_after=2025-12-08 10:00:00+00:00
[2025-12-07T17:34:03.173+0000] {processor.py:183} INFO - Processing /opt/airflow/dags/dag_brent.py took 0.140 seconds
[2025-12-07T17:34:33.622+0000] {processor.py:161} INFO - Started process (PID=1112) to work on /opt/airflow/dags/dag_brent.py
[2025-12-07T17:34:33.623+0000] {processor.py:830} INFO - Processing file /opt/airflow/dags/dag_brent.py for tasks to queue
[2025-12-07T17:34:33.624+0000] {logging_mixin.py:188} INFO - [2025-12-07T17:34:33.624+0000] {dagbag.py:538} INFO - Filling up the DagBag from /opt/airflow/dags/dag_brent.py
[2025-12-07T17:34:33.779+0000] {processor.py:840} INFO - DAG(s) 'dag_brent' retrieved from /opt/airflow/dags/dag_brent.py
[2025-12-07T17:34:33.811+0000] {logging_mixin.py:188} INFO - [2025-12-07T17:34:33.811+0000] {dag.py:3036} INFO - Sync 1 DAGs
[2025-12-07T17:34:33.834+0000] {logging_mixin.py:188} INFO - [2025-12-07T17:34:33.834+0000] {dag.py:3823} INFO - Setting next_dagrun for dag_brent to 2025-12-07 10:00:00+00:00, run_after=2025-12-08 10:00:00+00:00
[2025-12-07T17:34:33.860+0000] {processor.py:183} INFO - Processing /opt/airflow/dags/dag_brent.py took 0.240 seconds
[2025-12-07T17:35:04.361+0000] {processor.py:161} INFO - Started process (PID=1132) to work on /opt/airflow/dags/dag_brent.py
[2025-12-07T17:35:04.362+0000] {processor.py:830} INFO - Processing file /opt/airflow/dags/dag_brent.py for tasks to queue
[2025-12-07T17:35:04.363+0000] {logging_mixin.py:188} INFO - [2025-12-07T17:35:04.363+0000] {dagbag.py:538} INFO - Filling up the DagBag from /opt/airflow/dags/dag_brent.py
[2025-12-07T17:35:04.465+0000] {processor.py:840} INFO - DAG(s) 'dag_brent' retrieved from /opt/airflow/dags/dag_brent.py
[2025-12-07T17:35:04.485+0000] {logging_mixin.py:188} INFO - [2025-12-07T17:35:04.485+0000] {dag.py:3036} INFO - Sync 1 DAGs
[2025-12-07T17:35:04.503+0000] {logging_mixin.py:188} INFO - [2025-12-07T17:35:04.503+0000] {dag.py:3823} INFO - Setting next_dagrun for dag_brent to 2025-12-07 10:00:00+00:00, run_after=2025-12-08 10:00:00+00:00
[2025-12-07T17:35:04.522+0000] {processor.py:183} INFO - Processing /opt/airflow/dags/dag_brent.py took 0.163 seconds
[2025-12-07T17:35:34.842+0000] {processor.py:161} INFO - Started process (PID=1152) to work on /opt/airflow/dags/dag_brent.py
[2025-12-07T17:35:34.843+0000] {processor.py:830} INFO - Processing file /opt/airflow/dags/dag_brent.py for tasks to queue
[2025-12-07T17:35:34.844+0000] {logging_mixin.py:188} INFO - [2025-12-07T17:35:34.843+0000] {dagbag.py:538} INFO - Filling up the DagBag from /opt/airflow/dags/dag_brent.py
[2025-12-07T17:35:34.966+0000] {processor.py:840} INFO - DAG(s) 'dag_brent' retrieved from /opt/airflow/dags/dag_brent.py
[2025-12-07T17:35:34.989+0000] {logging_mixin.py:188} INFO - [2025-12-07T17:35:34.989+0000] {dag.py:3036} INFO - Sync 1 DAGs
[2025-12-07T17:35:35.006+0000] {logging_mixin.py:188} INFO - [2025-12-07T17:35:35.006+0000] {dag.py:3823} INFO - Setting next_dagrun for dag_brent to 2025-12-07 10:00:00+00:00, run_after=2025-12-08 10:00:00+00:00
[2025-12-07T17:35:35.025+0000] {processor.py:183} INFO - Processing /opt/airflow/dags/dag_brent.py took 0.186 seconds
[2025-12-07T17:36:05.621+0000] {processor.py:161} INFO - Started process (PID=1172) to work on /opt/airflow/dags/dag_brent.py
[2025-12-07T17:36:05.622+0000] {processor.py:830} INFO - Processing file /opt/airflow/dags/dag_brent.py for tasks to queue
[2025-12-07T17:36:05.623+0000] {logging_mixin.py:188} INFO - [2025-12-07T17:36:05.622+0000] {dagbag.py:538} INFO - Filling up the DagBag from /opt/airflow/dags/dag_brent.py
[2025-12-07T17:36:05.743+0000] {processor.py:840} INFO - DAG(s) 'dag_brent' retrieved from /opt/airflow/dags/dag_brent.py
[2025-12-07T17:36:05.771+0000] {logging_mixin.py:188} INFO - [2025-12-07T17:36:05.771+0000] {dag.py:3036} INFO - Sync 1 DAGs
[2025-12-07T17:36:05.791+0000] {logging_mixin.py:188} INFO - [2025-12-07T17:36:05.791+0000] {dag.py:3823} INFO - Setting next_dagrun for dag_brent to 2025-12-07 10:00:00+00:00, run_after=2025-12-08 10:00:00+00:00
[2025-12-07T17:36:05.810+0000] {processor.py:183} INFO - Processing /opt/airflow/dags/dag_brent.py took 0.192 seconds
[2025-12-07T17:36:36.120+0000] {processor.py:161} INFO - Started process (PID=1192) to work on /opt/airflow/dags/dag_brent.py
[2025-12-07T17:36:36.121+0000] {processor.py:830} INFO - Processing file /opt/airflow/dags/dag_brent.py for tasks to queue
[2025-12-07T17:36:36.122+0000] {logging_mixin.py:188} INFO - [2025-12-07T17:36:36.122+0000] {dagbag.py:538} INFO - Filling up the DagBag from /opt/airflow/dags/dag_brent.py
[2025-12-07T17:36:36.242+0000] {processor.py:840} INFO - DAG(s) 'dag_brent' retrieved from /opt/airflow/dags/dag_brent.py
[2025-12-07T17:36:36.265+0000] {logging_mixin.py:188} INFO - [2025-12-07T17:36:36.265+0000] {dag.py:3036} INFO - Sync 1 DAGs
[2025-12-07T17:36:36.281+0000] {logging_mixin.py:188} INFO - [2025-12-07T17:36:36.281+0000] {dag.py:3823} INFO - Setting next_dagrun for dag_brent to 2025-12-07 10:00:00+00:00, run_after=2025-12-08 10:00:00+00:00
[2025-12-07T17:36:36.296+0000] {processor.py:183} INFO - Processing /opt/airflow/dags/dag_brent.py took 0.179 seconds
[2025-12-07T17:37:06.775+0000] {processor.py:161} INFO - Started process (PID=1212) to work on /opt/airflow/dags/dag_brent.py
[2025-12-07T17:37:06.776+0000] {processor.py:830} INFO - Processing file /opt/airflow/dags/dag_brent.py for tasks to queue
[2025-12-07T17:37:06.777+0000] {logging_mixin.py:188} INFO - [2025-12-07T17:37:06.776+0000] {dagbag.py:538} INFO - Filling up the DagBag from /opt/airflow/dags/dag_brent.py
[2025-12-07T17:37:06.874+0000] {processor.py:840} INFO - DAG(s) 'dag_brent' retrieved from /opt/airflow/dags/dag_brent.py
[2025-12-07T17:37:06.895+0000] {logging_mixin.py:188} INFO - [2025-12-07T17:37:06.895+0000] {dag.py:3036} INFO - Sync 1 DAGs
[2025-12-07T17:37:06.912+0000] {logging_mixin.py:188} INFO - [2025-12-07T17:37:06.911+0000] {dag.py:3823} INFO - Setting next_dagrun for dag_brent to 2025-12-07 10:00:00+00:00, run_after=2025-12-08 10:00:00+00:00
[2025-12-07T17:37:06.932+0000] {processor.py:183} INFO - Processing /opt/airflow/dags/dag_brent.py took 0.161 seconds
[2025-12-07T17:37:37.389+0000] {processor.py:161} INFO - Started process (PID=1232) to work on /opt/airflow/dags/dag_brent.py
[2025-12-07T17:37:37.391+0000] {processor.py:830} INFO - Processing file /opt/airflow/dags/dag_brent.py for tasks to queue
[2025-12-07T17:37:37.391+0000] {logging_mixin.py:188} INFO - [2025-12-07T17:37:37.391+0000] {dagbag.py:538} INFO - Filling up the DagBag from /opt/airflow/dags/dag_brent.py
[2025-12-07T17:37:37.476+0000] {processor.py:840} INFO - DAG(s) 'dag_brent' retrieved from /opt/airflow/dags/dag_brent.py
[2025-12-07T17:37:37.498+0000] {logging_mixin.py:188} INFO - [2025-12-07T17:37:37.498+0000] {dag.py:3036} INFO - Sync 1 DAGs
[2025-12-07T17:37:37.514+0000] {logging_mixin.py:188} INFO - [2025-12-07T17:37:37.514+0000] {dag.py:3823} INFO - Setting next_dagrun for dag_brent to 2025-12-07 10:00:00+00:00, run_after=2025-12-08 10:00:00+00:00
[2025-12-07T17:37:37.531+0000] {processor.py:183} INFO - Processing /opt/airflow/dags/dag_brent.py took 0.144 seconds
[2025-12-07T17:38:08.054+0000] {processor.py:161} INFO - Started process (PID=1252) to work on /opt/airflow/dags/dag_brent.py
[2025-12-07T17:38:08.055+0000] {processor.py:830} INFO - Processing file /opt/airflow/dags/dag_brent.py for tasks to queue
[2025-12-07T17:38:08.056+0000] {logging_mixin.py:188} INFO - [2025-12-07T17:38:08.056+0000] {dagbag.py:538} INFO - Filling up the DagBag from /opt/airflow/dags/dag_brent.py
[2025-12-07T17:38:08.155+0000] {processor.py:840} INFO - DAG(s) 'dag_brent' retrieved from /opt/airflow/dags/dag_brent.py
[2025-12-07T17:38:08.175+0000] {logging_mixin.py:188} INFO - [2025-12-07T17:38:08.175+0000] {dag.py:3036} INFO - Sync 1 DAGs
[2025-12-07T17:38:08.192+0000] {logging_mixin.py:188} INFO - [2025-12-07T17:38:08.192+0000] {dag.py:3823} INFO - Setting next_dagrun for dag_brent to 2025-12-07 10:00:00+00:00, run_after=2025-12-08 10:00:00+00:00
[2025-12-07T17:38:08.214+0000] {processor.py:183} INFO - Processing /opt/airflow/dags/dag_brent.py took 0.162 seconds
[2025-12-07T17:38:38.526+0000] {processor.py:161} INFO - Started process (PID=1272) to work on /opt/airflow/dags/dag_brent.py
[2025-12-07T17:38:38.527+0000] {processor.py:830} INFO - Processing file /opt/airflow/dags/dag_brent.py for tasks to queue
[2025-12-07T17:38:38.528+0000] {logging_mixin.py:188} INFO - [2025-12-07T17:38:38.527+0000] {dagbag.py:538} INFO - Filling up the DagBag from /opt/airflow/dags/dag_brent.py
[2025-12-07T17:38:38.607+0000] {processor.py:840} INFO - DAG(s) 'dag_brent' retrieved from /opt/airflow/dags/dag_brent.py
[2025-12-07T17:38:38.628+0000] {logging_mixin.py:188} INFO - [2025-12-07T17:38:38.628+0000] {dag.py:3036} INFO - Sync 1 DAGs
[2025-12-07T17:38:38.645+0000] {logging_mixin.py:188} INFO - [2025-12-07T17:38:38.644+0000] {dag.py:3823} INFO - Setting next_dagrun for dag_brent to 2025-12-07 10:00:00+00:00, run_after=2025-12-08 10:00:00+00:00
[2025-12-07T17:38:38.663+0000] {processor.py:183} INFO - Processing /opt/airflow/dags/dag_brent.py took 0.140 seconds
[2025-12-07T17:39:09.205+0000] {processor.py:161} INFO - Started process (PID=1292) to work on /opt/airflow/dags/dag_brent.py
[2025-12-07T17:39:09.207+0000] {processor.py:830} INFO - Processing file /opt/airflow/dags/dag_brent.py for tasks to queue
[2025-12-07T17:39:09.208+0000] {logging_mixin.py:188} INFO - [2025-12-07T17:39:09.207+0000] {dagbag.py:538} INFO - Filling up the DagBag from /opt/airflow/dags/dag_brent.py
[2025-12-07T17:39:09.327+0000] {processor.py:840} INFO - DAG(s) 'dag_brent' retrieved from /opt/airflow/dags/dag_brent.py
[2025-12-07T17:39:09.349+0000] {logging_mixin.py:188} INFO - [2025-12-07T17:39:09.349+0000] {dag.py:3036} INFO - Sync 1 DAGs
[2025-12-07T17:39:09.366+0000] {logging_mixin.py:188} INFO - [2025-12-07T17:39:09.365+0000] {dag.py:3823} INFO - Setting next_dagrun for dag_brent to 2025-12-07 10:00:00+00:00, run_after=2025-12-08 10:00:00+00:00
[2025-12-07T17:39:09.391+0000] {processor.py:183} INFO - Processing /opt/airflow/dags/dag_brent.py took 0.189 seconds
[2025-12-07T17:39:39.715+0000] {processor.py:161} INFO - Started process (PID=1312) to work on /opt/airflow/dags/dag_brent.py
[2025-12-07T17:39:39.718+0000] {processor.py:830} INFO - Processing file /opt/airflow/dags/dag_brent.py for tasks to queue
[2025-12-07T17:39:39.719+0000] {logging_mixin.py:188} INFO - [2025-12-07T17:39:39.719+0000] {dagbag.py:538} INFO - Filling up the DagBag from /opt/airflow/dags/dag_brent.py
[2025-12-07T17:39:39.824+0000] {processor.py:840} INFO - DAG(s) 'dag_brent' retrieved from /opt/airflow/dags/dag_brent.py
[2025-12-07T17:39:39.843+0000] {logging_mixin.py:188} INFO - [2025-12-07T17:39:39.843+0000] {dag.py:3036} INFO - Sync 1 DAGs
[2025-12-07T17:39:39.859+0000] {logging_mixin.py:188} INFO - [2025-12-07T17:39:39.859+0000] {dag.py:3823} INFO - Setting next_dagrun for dag_brent to 2025-12-07 10:00:00+00:00, run_after=2025-12-08 10:00:00+00:00
[2025-12-07T17:39:39.875+0000] {processor.py:183} INFO - Processing /opt/airflow/dags/dag_brent.py took 0.162 seconds
[2025-12-07T17:39:47.156+0000] {processor.py:161} INFO - Started process (PID=1327) to work on /opt/airflow/dags/dag_brent.py
[2025-12-07T17:39:47.157+0000] {processor.py:830} INFO - Processing file /opt/airflow/dags/dag_brent.py for tasks to queue
[2025-12-07T17:39:47.158+0000] {logging_mixin.py:188} INFO - [2025-12-07T17:39:47.158+0000] {dagbag.py:538} INFO - Filling up the DagBag from /opt/airflow/dags/dag_brent.py
[2025-12-07T17:39:47.163+0000] {logging_mixin.py:188} INFO - [2025-12-07T17:39:47.163+0000] {dagbag.py:325} INFO - File /opt/airflow/dags/dag_brent.py assumed to contain no DAGs. Skipping.
[2025-12-07T17:39:47.164+0000] {processor.py:842} WARNING - No viable dags retrieved from /opt/airflow/dags/dag_brent.py
[2025-12-07T17:39:47.176+0000] {processor.py:183} INFO - Processing /opt/airflow/dags/dag_brent.py took 0.023 seconds
[2025-12-07T17:39:57.322+0000] {processor.py:161} INFO - Started process (PID=1337) to work on /opt/airflow/dags/dag_brent.py
[2025-12-07T17:39:57.323+0000] {processor.py:830} INFO - Processing file /opt/airflow/dags/dag_brent.py for tasks to queue
[2025-12-07T17:39:57.323+0000] {logging_mixin.py:188} INFO - [2025-12-07T17:39:57.323+0000] {dagbag.py:538} INFO - Filling up the DagBag from /opt/airflow/dags/dag_brent.py
[2025-12-07T17:39:57.415+0000] {processor.py:840} INFO - DAG(s) 'brent_daily' retrieved from /opt/airflow/dags/dag_brent.py
[2025-12-07T17:39:57.521+0000] {logging_mixin.py:188} INFO - [2025-12-07T17:39:57.521+0000] {override.py:1769} INFO - Created Permission View: can delete on DAG:brent_daily
[2025-12-07T17:39:57.529+0000] {logging_mixin.py:188} INFO - [2025-12-07T17:39:57.529+0000] {override.py:1769} INFO - Created Permission View: can read on DAG:brent_daily
[2025-12-07T17:39:57.534+0000] {logging_mixin.py:188} INFO - [2025-12-07T17:39:57.534+0000] {override.py:1769} INFO - Created Permission View: can edit on DAG:brent_daily
[2025-12-07T17:39:57.535+0000] {logging_mixin.py:188} INFO - [2025-12-07T17:39:57.535+0000] {dag.py:3036} INFO - Sync 1 DAGs
[2025-12-07T17:39:57.542+0000] {logging_mixin.py:188} INFO - [2025-12-07T17:39:57.542+0000] {dag.py:3058} INFO - Creating ORM DAG for brent_daily
[2025-12-07T17:39:57.549+0000] {logging_mixin.py:188} INFO - [2025-12-07T17:39:57.549+0000] {dag.py:3823} INFO - Setting next_dagrun for brent_daily to 2025-12-06 10:00:00+00:00, run_after=2025-12-07 10:00:00+00:00
[2025-12-07T17:39:57.570+0000] {processor.py:183} INFO - Processing /opt/airflow/dags/dag_brent.py took 0.250 seconds
[2025-12-07T17:40:27.926+0000] {processor.py:161} INFO - Started process (PID=1357) to work on /opt/airflow/dags/dag_brent.py
[2025-12-07T17:40:27.927+0000] {processor.py:830} INFO - Processing file /opt/airflow/dags/dag_brent.py for tasks to queue
[2025-12-07T17:40:27.928+0000] {logging_mixin.py:188} INFO - [2025-12-07T17:40:27.927+0000] {dagbag.py:538} INFO - Filling up the DagBag from /opt/airflow/dags/dag_brent.py
[2025-12-07T17:40:28.001+0000] {processor.py:840} INFO - DAG(s) 'brent_daily' retrieved from /opt/airflow/dags/dag_brent.py
[2025-12-07T17:40:28.021+0000] {logging_mixin.py:188} INFO - [2025-12-07T17:40:28.021+0000] {dag.py:3036} INFO - Sync 1 DAGs
[2025-12-07T17:40:28.037+0000] {logging_mixin.py:188} INFO - [2025-12-07T17:40:28.037+0000] {dag.py:3823} INFO - Setting next_dagrun for brent_daily to 2025-12-06 10:00:00+00:00, run_after=2025-12-07 10:00:00+00:00
[2025-12-07T17:40:28.052+0000] {processor.py:183} INFO - Processing /opt/airflow/dags/dag_brent.py took 0.128 seconds
[2025-12-07T17:40:58.411+0000] {processor.py:161} INFO - Started process (PID=1383) to work on /opt/airflow/dags/dag_brent.py
[2025-12-07T17:40:58.412+0000] {processor.py:830} INFO - Processing file /opt/airflow/dags/dag_brent.py for tasks to queue
[2025-12-07T17:40:58.413+0000] {logging_mixin.py:188} INFO - [2025-12-07T17:40:58.412+0000] {dagbag.py:538} INFO - Filling up the DagBag from /opt/airflow/dags/dag_brent.py
[2025-12-07T17:40:58.515+0000] {processor.py:840} INFO - DAG(s) 'brent_daily' retrieved from /opt/airflow/dags/dag_brent.py
[2025-12-07T17:40:58.538+0000] {logging_mixin.py:188} INFO - [2025-12-07T17:40:58.538+0000] {dag.py:3036} INFO - Sync 1 DAGs
[2025-12-07T17:40:58.557+0000] {logging_mixin.py:188} INFO - [2025-12-07T17:40:58.557+0000] {dag.py:3823} INFO - Setting next_dagrun for brent_daily to 2025-12-06 10:00:00+00:00, run_after=2025-12-07 10:00:00+00:00
[2025-12-07T17:40:58.579+0000] {processor.py:183} INFO - Processing /opt/airflow/dags/dag_brent.py took 0.171 seconds
